{
  "C:/Users/LENOVO/Desktop/Rss-React/react-components/src/components/ImageLike.tsx": {
    "path": "C:/Users/LENOVO/Desktop/Rss-React/react-components/src/components/ImageLike.tsx",
    "statementMap": {
      "0": {
        "start": {
          "line": 5,
          "column": 0
        },
        "end": {
          "line": 15,
          "column": 1
        }
      },
      "1": {
        "start": {
          "line": 6,
          "column": 2
        },
        "end": {
          "line": 8,
          "column": 3
        }
      },
      "2": {
        "start": {
          "line": 7,
          "column": 4
        },
        "end": {
          "line": 7,
          "column": 165
        }
      },
      "3": {
        "start": {
          "line": 9,
          "column": 2
        },
        "end": {
          "line": 9,
          "column": 39
        }
      },
      "4": {
        "start": {
          "line": 10,
          "column": 2
        },
        "end": {
          "line": 10,
          "column": 39
        }
      },
      "5": {
        "start": {
          "line": 11,
          "column": 2
        },
        "end": {
          "line": 13,
          "column": 4
        }
      },
      "6": {
        "start": {
          "line": 12,
          "column": 4
        },
        "end": {
          "line": 12,
          "column": 123
        }
      },
      "7": {
        "start": {
          "line": 14,
          "column": 2
        },
        "end": {
          "line": 14,
          "column": 75
        }
      },
      "8": {
        "start": {
          "line": 16,
          "column": 9
        },
        "end": {
          "line": 16,
          "column": 23
        }
      },
      "9": {
        "start": {
          "line": 22,
          "column": 2
        },
        "end": {
          "line": 22,
          "column": 7
        }
      },
      "10": {
        "start": {
          "line": 23,
          "column": 19
        },
        "end": {
          "line": 23,
          "column": 32
        }
      },
      "11": {
        "start": {
          "line": 24,
          "column": 16
        },
        "end": {
          "line": 24,
          "column": 57
        }
      },
      "12": {
        "start": {
          "line": 24,
          "column": 39
        },
        "end": {
          "line": 24,
          "column": 56
        }
      },
      "13": {
        "start": {
          "line": 25,
          "column": 30
        },
        "end": {
          "line": 25,
          "column": 70
        }
      },
      "14": {
        "start": {
          "line": 26,
          "column": 2
        },
        "end": {
          "line": 44,
          "column": 42
        }
      },
      "15": {
        "start": {
          "line": 27,
          "column": 15
        },
        "end": {
          "line": 27,
          "column": 23
        }
      },
      "16": {
        "start": {
          "line": 28,
          "column": 18
        },
        "end": {
          "line": 28,
          "column": 59
        }
      },
      "17": {
        "start": {
          "line": 28,
          "column": 44
        },
        "end": {
          "line": 28,
          "column": 58
        }
      },
      "18": {
        "start": {
          "line": 29,
          "column": 19
        },
        "end": {
          "line": 29,
          "column": 21
        }
      },
      "19": {
        "start": {
          "line": 30,
          "column": 4
        },
        "end": {
          "line": 40,
          "column": 5
        }
      },
      "20": {
        "start": {
          "line": 31,
          "column": 6
        },
        "end": {
          "line": 34,
          "column": 36
        }
      },
      "21": {
        "start": {
          "line": 36,
          "column": 6
        },
        "end": {
          "line": 39,
          "column": 9
        }
      },
      "22": {
        "start": {
          "line": 41,
          "column": 4
        },
        "end": {
          "line": 43,
          "column": 5
        }
      },
      "23": {
        "start": {
          "line": 42,
          "column": 6
        },
        "end": {
          "line": 42,
          "column": 34
        }
      },
      "24": {
        "start": {
          "line": 45,
          "column": 22
        },
        "end": {
          "line": 47,
          "column": 3
        }
      },
      "25": {
        "start": {
          "line": 46,
          "column": 4
        },
        "end": {
          "line": 46,
          "column": 23
        }
      },
      "26": {
        "start": {
          "line": 48,
          "column": 22
        },
        "end": {
          "line": 48,
          "column": 45
        }
      },
      "27": {
        "start": {
          "line": 49,
          "column": 2
        },
        "end": {
          "line": 61,
          "column": 11
        }
      },
      "28": {
        "start": {
          "line": 63,
          "column": 0
        },
        "end": {
          "line": 65,
          "column": 3
        }
      },
      "29": {
        "start": {
          "line": 64,
          "column": 2
        },
        "end": {
          "line": 64,
          "column": 36
        }
      },
      "30": {
        "start": {
          "line": 66,
          "column": 0
        },
        "end": {
          "line": 66,
          "column": 15
        }
      },
      "31": {
        "start": {
          "line": 68,
          "column": 0
        },
        "end": {
          "line": 68,
          "column": 30
        }
      },
      "32": {
        "start": {
          "line": 69,
          "column": 0
        },
        "end": {
          "line": 85,
          "column": 1
        }
      },
      "33": {
        "start": {
          "line": 70,
          "column": 2
        },
        "end": {
          "line": 70,
          "column": 39
        }
      },
      "34": {
        "start": {
          "line": 71,
          "column": 2
        },
        "end": {
          "line": 71,
          "column": 39
        }
      },
      "35": {
        "start": {
          "line": 72,
          "column": 2
        },
        "end": {
          "line": 84,
          "column": 5
        }
      },
      "36": {
        "start": {
          "line": 76,
          "column": 4
        },
        "end": {
          "line": 76,
          "column": 149
        }
      },
      "37": {
        "start": {
          "line": 77,
          "column": 4
        },
        "end": {
          "line": 83,
          "column": 7
        }
      },
      "38": {
        "start": {
          "line": 78,
          "column": 6
        },
        "end": {
          "line": 79,
          "column": 15
        }
      },
      "39": {
        "start": {
          "line": 79,
          "column": 8
        },
        "end": {
          "line": 79,
          "column": 15
        }
      },
      "40": {
        "start": {
          "line": 80,
          "column": 32
        },
        "end": {
          "line": 80,
          "column": 115
        }
      },
      "41": {
        "start": {
          "line": 81,
          "column": 6
        },
        "end": {
          "line": 82,
          "column": 54
        }
      },
      "42": {
        "start": {
          "line": 82,
          "column": 8
        },
        "end": {
          "line": 82,
          "column": 54
        }
      }
    },
    "fnMap": {
      "0": {
        "name": "(anonymous_0)",
        "decl": {
          "start": {
            "line": 11,
            "column": 24
          },
          "end": {
            "line": 11,
            "column": 25
          }
        },
        "loc": {
          "start": {
            "line": 11,
            "column": 38
          },
          "end": {
            "line": 13,
            "column": 3
          }
        },
        "line": 11
      },
      "1": {
        "name": "ImageLike",
        "decl": {
          "start": {
            "line": 21,
            "column": 16
          },
          "end": {
            "line": 21,
            "column": 25
          }
        },
        "loc": {
          "start": {
            "line": 21,
            "column": 33
          },
          "end": {
            "line": 62,
            "column": 1
          }
        },
        "line": 21
      },
      "2": {
        "name": "(anonymous_2)",
        "decl": {
          "start": {
            "line": 24,
            "column": 28
          },
          "end": {
            "line": 24,
            "column": 29
          }
        },
        "loc": {
          "start": {
            "line": 24,
            "column": 39
          },
          "end": {
            "line": 24,
            "column": 56
          }
        },
        "line": 24
      },
      "3": {
        "name": "(anonymous_3)",
        "decl": {
          "start": {
            "line": 26,
            "column": 12
          },
          "end": {
            "line": 26,
            "column": 13
          }
        },
        "loc": {
          "start": {
            "line": 26,
            "column": 18
          },
          "end": {
            "line": 44,
            "column": 3
          }
        },
        "line": 26
      },
      "4": {
        "name": "(anonymous_4)",
        "decl": {
          "start": {
            "line": 28,
            "column": 34
          },
          "end": {
            "line": 28,
            "column": 35
          }
        },
        "loc": {
          "start": {
            "line": 28,
            "column": 44
          },
          "end": {
            "line": 28,
            "column": 58
          }
        },
        "line": 28
      },
      "5": {
        "name": "(anonymous_5)",
        "decl": {
          "start": {
            "line": 45,
            "column": 22
          },
          "end": {
            "line": 45,
            "column": 23
          }
        },
        "loc": {
          "start": {
            "line": 45,
            "column": 28
          },
          "end": {
            "line": 47,
            "column": 3
          }
        },
        "line": 45
      },
      "6": {
        "name": "(anonymous_6)",
        "decl": {
          "start": {
            "line": 63,
            "column": 53
          },
          "end": {
            "line": 63,
            "column": 54
          }
        },
        "loc": {
          "start": {
            "line": 63,
            "column": 64
          },
          "end": {
            "line": 65,
            "column": 1
          }
        },
        "line": 63
      },
      "7": {
        "name": "(anonymous_7)",
        "decl": {
          "start": {
            "line": 75,
            "column": 9
          },
          "end": {
            "line": 75,
            "column": 10
          }
        },
        "loc": {
          "start": {
            "line": 75,
            "column": 29
          },
          "end": {
            "line": 84,
            "column": 3
          }
        },
        "line": 75
      },
      "8": {
        "name": "(anonymous_8)",
        "decl": {
          "start": {
            "line": 77,
            "column": 27
          },
          "end": {
            "line": 77,
            "column": 28
          }
        },
        "loc": {
          "start": {
            "line": 77,
            "column": 44
          },
          "end": {
            "line": 83,
            "column": 5
          }
        },
        "line": 77
      }
    },
    "branchMap": {
      "0": {
        "loc": {
          "start": {
            "line": 5,
            "column": 0
          },
          "end": {
            "line": 15,
            "column": 1
          }
        },
        "type": "if",
        "locations": [
          {
            "start": {
              "line": 5,
              "column": 0
            },
            "end": {
              "line": 15,
              "column": 1
            }
          },
          {
            "start": {},
            "end": {}
          }
        ],
        "line": 5
      },
      "1": {
        "loc": {
          "start": {
            "line": 6,
            "column": 2
          },
          "end": {
            "line": 8,
            "column": 3
          }
        },
        "type": "if",
        "locations": [
          {
            "start": {
              "line": 6,
              "column": 2
            },
            "end": {
              "line": 8,
              "column": 3
            }
          },
          {
            "start": {},
            "end": {}
          }
        ],
        "line": 6
      },
      "2": {
        "loc": {
          "start": {
            "line": 30,
            "column": 4
          },
          "end": {
            "line": 40,
            "column": 5
          }
        },
        "type": "if",
        "locations": [
          {
            "start": {
              "line": 30,
              "column": 4
            },
            "end": {
              "line": 40,
              "column": 5
            }
          },
          {
            "start": {
              "line": 35,
              "column": 11
            },
            "end": {
              "line": 40,
              "column": 5
            }
          }
        ],
        "line": 30
      },
      "3": {
        "loc": {
          "start": {
            "line": 41,
            "column": 4
          },
          "end": {
            "line": 43,
            "column": 5
          }
        },
        "type": "if",
        "locations": [
          {
            "start": {
              "line": 41,
              "column": 4
            },
            "end": {
              "line": 43,
              "column": 5
            }
          },
          {
            "start": {},
            "end": {}
          }
        ],
        "line": 41
      },
      "4": {
        "loc": {
          "start": {
            "line": 48,
            "column": 22
          },
          "end": {
            "line": 48,
            "column": 45
          }
        },
        "type": "cond-expr",
        "locations": [
          {
            "start": {
              "line": 48,
              "column": 31
            },
            "end": {
              "line": 48,
              "column": 40
            }
          },
          {
            "start": {
              "line": 48,
              "column": 43
            },
            "end": {
              "line": 48,
              "column": 45
            }
          }
        ],
        "line": 48
      },
      "5": {
        "loc": {
          "start": {
            "line": 69,
            "column": 0
          },
          "end": {
            "line": 85,
            "column": 1
          }
        },
        "type": "if",
        "locations": [
          {
            "start": {
              "line": 69,
              "column": 0
            },
            "end": {
              "line": 85,
              "column": 1
            }
          },
          {
            "start": {},
            "end": {}
          }
        ],
        "line": 69
      },
      "6": {
        "loc": {
          "start": {
            "line": 78,
            "column": 6
          },
          "end": {
            "line": 79,
            "column": 15
          }
        },
        "type": "if",
        "locations": [
          {
            "start": {
              "line": 78,
              "column": 6
            },
            "end": {
              "line": 79,
              "column": 15
            }
          },
          {
            "start": {},
            "end": {}
          }
        ],
        "line": 78
      },
      "7": {
        "loc": {
          "start": {
            "line": 81,
            "column": 6
          },
          "end": {
            "line": 82,
            "column": 54
          }
        },
        "type": "if",
        "locations": [
          {
            "start": {
              "line": 81,
              "column": 6
            },
            "end": {
              "line": 82,
              "column": 54
            }
          },
          {
            "start": {},
            "end": {}
          }
        ],
        "line": 81
      }
    },
    "s": {
      "0": 66,
      "1": 66,
      "2": 0,
      "3": 66,
      "4": 66,
      "5": 66,
      "6": 66,
      "7": 66,
      "8": 66,
      "9": 1331,
      "10": 1331,
      "11": 1331,
      "12": 2786,
      "13": 1331,
      "14": 1331,
      "15": 977,
      "16": 977,
      "17": 74,
      "18": 977,
      "19": 977,
      "20": 14,
      "21": 963,
      "22": 977,
      "23": 7,
      "24": 1331,
      "25": 7,
      "26": 1331,
      "27": 1331,
      "28": 66,
      "29": 43,
      "30": 66,
      "31": 66,
      "32": 66,
      "33": 66,
      "34": 66,
      "35": 66,
      "36": 66,
      "37": 66,
      "38": 0,
      "39": 0,
      "40": 0,
      "41": 0,
      "42": 0
    },
    "f": {
      "0": 66,
      "1": 1331,
      "2": 2786,
      "3": 977,
      "4": 74,
      "5": 7,
      "6": 43,
      "7": 66,
      "8": 0
    },
    "b": {
      "0": [
        66,
        0
      ],
      "1": [
        0,
        66
      ],
      "2": [
        14,
        963
      ],
      "3": [
        7,
        970
      ],
      "4": [
        21,
        1310
      ],
      "5": [
        66,
        0
      ],
      "6": [
        0,
        0
      ],
      "7": [
        0,
        0
      ]
    },
    "inputSourceMap": {
      "version": 3,
      "mappings": "AA2CQ;;;;;;;;;;;;;;;;AA3CR,SAAgBA,WAAWC,gBAAgB;AAE3C,SAASC,qBAAqB;AAC9B,SAASC,aAAaC,mBAAmB;AACzC,SAASC,eAAe;AAGjB,gBAASC,UAAUC,OAAgB;AAAAC;AACxC,QAAMC,WAAWN,YAAW;AAC5B,QAAMO,QAAQN,YAAY,CAACO,UAAqBA,MAAMD,MAAMA,KAAK;AACjE,QAAM,CAACE,QAAQC,SAAS,IAAIZ,SAASC,cAAcQ,OAAOH,MAAMO,EAAE,CAAC;AAEnEd,YAAU,MAAM;AACd,UAAMc,KAAKP,MAAMO;AACjB,UAAMC,QAAQL,MAAMM,UAAWC,UAASA,KAAKH,OAAOA,EAAE;AACtD,QAAII,WAA8C;AAClD,QAAIH,UAAU,IAAI;AAChBG,iBAAW,CAAC,GAAGR,MAAMS,MAAM,GAAGJ,KAAK,GAAG;AAAA,QAAED;AAAAA,QAAQF;AAAAA,MAAe,GAAG,GAAGF,MAAMS,MAAMJ,QAAQ,CAAC,CAAC;AAAA,IAC7F,OAAO;AACLG,iBAAW,CAAC,GAAGR,OAAO;AAAA,QAAEI;AAAAA,QAAQF;AAAAA,MAAe,CAAC;AAAA,IAClD;AACA,QAAIA,WAAWV,cAAcQ,OAAOH,MAAMO,EAAE,GAAG;AAC7CL,eAASJ,QAAQa,QAAQ,CAAC;AAAA,IAC5B;AAAA,EACF,GAAG,CAACT,UAAUG,QAAQF,OAAOH,MAAMO,EAAE,CAAC;AAEtC,QAAMM,cAAcA,MAAM;AACxBP,cAAU,CAACD,MAAM;AAAA,EACnB;AAEA,QAAMS,cAAcT,SAAS,YAAY;AACzC,SACE,uBAAC,SAAI,WAAU,cACb,iCAAC,SACC,eAAY,cACZ,MAAK,WACL,OAAM,QACN,QAAO,QACP,SAAQ,aACR,OAAM,8BACN,WAAY,YAAWS,eACvB,SAASD,aAET,iCAAC,UAAK,GAAE,0YAAR;AAAA;AAAA;AAAA;AAAA,SAA8Y,KAVhZ;AAAA;AAAA;AAAA;AAAA,SAWA,KAZF;AAAA;AAAA;AAAA;AAAA,SAaA;AAEJ;AAACZ,GAxCeF,WAAS;AAAA,UACNH,aACHC,WAAW;AAAA;AAAAkB,KAFXhB;AAAS;AAAAiB",
      "names": [
        "useEffect",
        "useState",
        "searchIdStore",
        "useDispatch",
        "useSelector",
        "setLike",
        "ImageLike",
        "props",
        "_s",
        "dispatch",
        "likes",
        "state",
        "isLike",
        "setIsLike",
        "id",
        "index",
        "findIndex",
        "elem",
        "newLikes",
        "slice",
        "handleClick",
        "toggleClass",
        "_c",
        "$RefreshReg$"
      ],
      "sources": [
        "C:/Users/LENOVO/Desktop/Rss-React/react-components/src/components/ImageLike.tsx"
      ],
      "file": "C:/Users/LENOVO/Desktop/Rss-React/react-components/src/components/ImageLike.tsx"
    },
    "_coverageSchema": "1a1c01bbd47fc00a2c39e90264f33305004495a9",
    "hash": "7455af3eb4a724caa7946c3f7a62b89347ce3cf9"
  },
  "C:/Users/LENOVO/Desktop/Rss-React/react-components/src/components/Card.tsx": {
    "path": "C:/Users/LENOVO/Desktop/Rss-React/react-components/src/components/Card.tsx",
    "statementMap": {
      "0": {
        "start": {
          "line": 5,
          "column": 0
        },
        "end": {
          "line": 15,
          "column": 1
        }
      },
      "1": {
        "start": {
          "line": 6,
          "column": 2
        },
        "end": {
          "line": 8,
          "column": 3
        }
      },
      "2": {
        "start": {
          "line": 7,
          "column": 4
        },
        "end": {
          "line": 7,
          "column": 165
        }
      },
      "3": {
        "start": {
          "line": 9,
          "column": 2
        },
        "end": {
          "line": 9,
          "column": 39
        }
      },
      "4": {
        "start": {
          "line": 10,
          "column": 2
        },
        "end": {
          "line": 10,
          "column": 39
        }
      },
      "5": {
        "start": {
          "line": 11,
          "column": 2
        },
        "end": {
          "line": 13,
          "column": 4
        }
      },
      "6": {
        "start": {
          "line": 12,
          "column": 4
        },
        "end": {
          "line": 12,
          "column": 118
        }
      },
      "7": {
        "start": {
          "line": 14,
          "column": 2
        },
        "end": {
          "line": 14,
          "column": 75
        }
      },
      "8": {
        "start": {
          "line": 16,
          "column": 9
        },
        "end": {
          "line": 16,
          "column": 23
        }
      },
      "9": {
        "start": {
          "line": 24,
          "column": 2
        },
        "end": {
          "line": 24,
          "column": 7
        }
      },
      "10": {
        "start": {
          "line": 25,
          "column": 19
        },
        "end": {
          "line": 25,
          "column": 32
        }
      },
      "11": {
        "start": {
          "line": 26,
          "column": 2
        },
        "end": {
          "line": 55,
          "column": 11
        }
      },
      "12": {
        "start": {
          "line": 28,
          "column": 6
        },
        "end": {
          "line": 28,
          "column": 33
        }
      },
      "13": {
        "start": {
          "line": 29,
          "column": 6
        },
        "end": {
          "line": 29,
          "column": 22
        }
      },
      "14": {
        "start": {
          "line": 57,
          "column": 0
        },
        "end": {
          "line": 59,
          "column": 3
        }
      },
      "15": {
        "start": {
          "line": 58,
          "column": 2
        },
        "end": {
          "line": 58,
          "column": 23
        }
      },
      "16": {
        "start": {
          "line": 60,
          "column": 0
        },
        "end": {
          "line": 60,
          "column": 10
        }
      },
      "17": {
        "start": {
          "line": 62,
          "column": 0
        },
        "end": {
          "line": 62,
          "column": 25
        }
      },
      "18": {
        "start": {
          "line": 63,
          "column": 0
        },
        "end": {
          "line": 79,
          "column": 1
        }
      },
      "19": {
        "start": {
          "line": 64,
          "column": 2
        },
        "end": {
          "line": 64,
          "column": 39
        }
      },
      "20": {
        "start": {
          "line": 65,
          "column": 2
        },
        "end": {
          "line": 65,
          "column": 39
        }
      },
      "21": {
        "start": {
          "line": 66,
          "column": 2
        },
        "end": {
          "line": 78,
          "column": 5
        }
      },
      "22": {
        "start": {
          "line": 70,
          "column": 4
        },
        "end": {
          "line": 70,
          "column": 144
        }
      },
      "23": {
        "start": {
          "line": 71,
          "column": 4
        },
        "end": {
          "line": 77,
          "column": 7
        }
      },
      "24": {
        "start": {
          "line": 72,
          "column": 6
        },
        "end": {
          "line": 73,
          "column": 15
        }
      },
      "25": {
        "start": {
          "line": 73,
          "column": 8
        },
        "end": {
          "line": 73,
          "column": 15
        }
      },
      "26": {
        "start": {
          "line": 74,
          "column": 32
        },
        "end": {
          "line": 74,
          "column": 115
        }
      },
      "27": {
        "start": {
          "line": 75,
          "column": 6
        },
        "end": {
          "line": 76,
          "column": 54
        }
      },
      "28": {
        "start": {
          "line": 76,
          "column": 8
        },
        "end": {
          "line": 76,
          "column": 54
        }
      }
    },
    "fnMap": {
      "0": {
        "name": "(anonymous_0)",
        "decl": {
          "start": {
            "line": 11,
            "column": 24
          },
          "end": {
            "line": 11,
            "column": 25
          }
        },
        "loc": {
          "start": {
            "line": 11,
            "column": 38
          },
          "end": {
            "line": 13,
            "column": 3
          }
        },
        "line": 11
      },
      "1": {
        "name": "Card",
        "decl": {
          "start": {
            "line": 20,
            "column": 16
          },
          "end": {
            "line": 20,
            "column": 20
          }
        },
        "loc": {
          "start": {
            "line": 23,
            "column": 3
          },
          "end": {
            "line": 56,
            "column": 1
          }
        },
        "line": 23
      },
      "2": {
        "name": "(anonymous_2)",
        "decl": {
          "start": {
            "line": 27,
            "column": 111
          },
          "end": {
            "line": 27,
            "column": 112
          }
        },
        "loc": {
          "start": {
            "line": 27,
            "column": 117
          },
          "end": {
            "line": 30,
            "column": 5
          }
        },
        "line": 27
      },
      "3": {
        "name": "(anonymous_3)",
        "decl": {
          "start": {
            "line": 57,
            "column": 48
          },
          "end": {
            "line": 57,
            "column": 49
          }
        },
        "loc": {
          "start": {
            "line": 57,
            "column": 59
          },
          "end": {
            "line": 59,
            "column": 1
          }
        },
        "line": 57
      },
      "4": {
        "name": "(anonymous_4)",
        "decl": {
          "start": {
            "line": 69,
            "column": 9
          },
          "end": {
            "line": 69,
            "column": 10
          }
        },
        "loc": {
          "start": {
            "line": 69,
            "column": 29
          },
          "end": {
            "line": 78,
            "column": 3
          }
        },
        "line": 69
      },
      "5": {
        "name": "(anonymous_5)",
        "decl": {
          "start": {
            "line": 71,
            "column": 27
          },
          "end": {
            "line": 71,
            "column": 28
          }
        },
        "loc": {
          "start": {
            "line": 71,
            "column": 44
          },
          "end": {
            "line": 77,
            "column": 5
          }
        },
        "line": 71
      }
    },
    "branchMap": {
      "0": {
        "loc": {
          "start": {
            "line": 5,
            "column": 0
          },
          "end": {
            "line": 15,
            "column": 1
          }
        },
        "type": "if",
        "locations": [
          {
            "start": {
              "line": 5,
              "column": 0
            },
            "end": {
              "line": 15,
              "column": 1
            }
          },
          {
            "start": {},
            "end": {}
          }
        ],
        "line": 5
      },
      "1": {
        "loc": {
          "start": {
            "line": 6,
            "column": 2
          },
          "end": {
            "line": 8,
            "column": 3
          }
        },
        "type": "if",
        "locations": [
          {
            "start": {
              "line": 6,
              "column": 2
            },
            "end": {
              "line": 8,
              "column": 3
            }
          },
          {
            "start": {},
            "end": {}
          }
        ],
        "line": 6
      },
      "2": {
        "loc": {
          "start": {
            "line": 63,
            "column": 0
          },
          "end": {
            "line": 79,
            "column": 1
          }
        },
        "type": "if",
        "locations": [
          {
            "start": {
              "line": 63,
              "column": 0
            },
            "end": {
              "line": 79,
              "column": 1
            }
          },
          {
            "start": {},
            "end": {}
          }
        ],
        "line": 63
      },
      "3": {
        "loc": {
          "start": {
            "line": 72,
            "column": 6
          },
          "end": {
            "line": 73,
            "column": 15
          }
        },
        "type": "if",
        "locations": [
          {
            "start": {
              "line": 72,
              "column": 6
            },
            "end": {
              "line": 73,
              "column": 15
            }
          },
          {
            "start": {},
            "end": {}
          }
        ],
        "line": 72
      },
      "4": {
        "loc": {
          "start": {
            "line": 75,
            "column": 6
          },
          "end": {
            "line": 76,
            "column": 54
          }
        },
        "type": "if",
        "locations": [
          {
            "start": {
              "line": 75,
              "column": 6
            },
            "end": {
              "line": 76,
              "column": 54
            }
          },
          {
            "start": {},
            "end": {}
          }
        ],
        "line": 75
      }
    },
    "s": {
      "0": 66,
      "1": 66,
      "2": 0,
      "3": 66,
      "4": 66,
      "5": 66,
      "6": 66,
      "7": 66,
      "8": 66,
      "9": 1317,
      "10": 1317,
      "11": 1317,
      "12": 987,
      "13": 2,
      "14": 25,
      "15": 17,
      "16": 25,
      "17": 66,
      "18": 51,
      "19": 66,
      "20": 66,
      "21": 66,
      "22": 66,
      "23": 66,
      "24": 46,
      "25": 46,
      "26": 46,
      "27": 0,
      "28": 0,
      "29": 0,
      "30": 0,
      "31": 0
    },
    "f": {
      "0": 66,
      "1": 1317,
      "2": 2,
      "3": 17,
      "4": 25,
      "5": 31,
      "6": 45,
      "7": 0
    },
    "b": {
      "0": [
        66,
        0
      ],
      "1": [
        0,
        66
      ],
      "2": [
        1005,
        5
      ],
      "3": [
        985,
        5
      ],
      "4": [
        46,
        0
      ],
      "5": [
        0,
        0
      ],
      "6": [
        0,
        0
      ]
    },
    "inputSourceMap": {
      "version": 3,
      "mappings": "AAmBQ;;;;;;;;;;;;;;;;AAjBR,SAASA,iBAAiB;AAC1B,SAASC,mBAAmB;AAC5B,SAASC,aAAa;AAEf,gBAASC,KAAK;AAAA,EAAEC;AAAAA,EAAQC;AAAyB,GAAG;AAAAC;AACzD,QAAMC,WAAWN,YAAW;AAE5B,SACE,uBAAC,SAAI,eAAY,QAAO,WAAU,QAChC;AAAA,2BAAC,SACC,eAAY,oBACZ,WAAU,oBACV,SAAS,MAAM;AACbM,eAASL,MAAME,OAAOI,EAAE,CAAC;AACzBH,oBAAa;AAAA,IACf,GAEA;AAAA,6BAAC,SAAI,WAAU,iBAAgB,KAAKD,OAAOK,OAAO,KAAI,mBAAtD;AAAA;AAAA;AAAA;AAAA,aAAqE;AAAA,MACrE,uBAAC,OAAE,WAAU,eAAeL,iBAAOM,QAAnC;AAAA;AAAA;AAAA;AAAA,aAAwC;AAAA,SAT1C;AAAA;AAAA;AAAA;AAAA,WAUA;AAAA,IACA,uBAAC,aAAU,IAAIN,OAAOI,MAAtB;AAAA;AAAA;AAAA;AAAA,WAAyB;AAAA,OAZ3B;AAAA;AAAA;AAAA;AAAA,SAaA;AAEJ;AAACF,GAnBeH,MAAI;AAAA,UACDF,WAAW;AAAA;AAAAU,KADdR;AAAI;AAAAS",
      "names": [
        "ImageLike",
        "useDispatch",
        "setId",
        "Card",
        "person",
        "onShowDetails",
        "_s",
        "dispatch",
        "id",
        "image",
        "name",
        "_c",
        "$RefreshReg$"
      ],
      "sources": [
        "C:/Users/LENOVO/Desktop/Rss-React/react-components/src/components/Card.tsx"
      ],
      "file": "C:/Users/LENOVO/Desktop/Rss-React/react-components/src/components/Card.tsx"
    },
    "_coverageSchema": "1a1c01bbd47fc00a2c39e90264f33305004495a9",
    "hash": "f81240975d486e030d4180a81f790b397fecd043"
  },
  "C:/Users/LENOVO/Desktop/Rss-React/react-components/src/components/CardList.tsx": {
    "path": "C:/Users/LENOVO/Desktop/Rss-React/react-components/src/components/CardList.tsx",
    "statementMap": {
      "0": {
        "start": {
          "line": 5,
          "column": 0
        },
        "end": {
          "line": 15,
          "column": 1
        }
      },
      "1": {
        "start": {
          "line": 6,
          "column": 2
        },
        "end": {
          "line": 8,
          "column": 3
        }
      },
      "2": {
        "start": {
          "line": 7,
          "column": 4
        },
        "end": {
          "line": 7,
          "column": 165
        }
      },
      "3": {
        "start": {
          "line": 9,
          "column": 2
        },
        "end": {
          "line": 9,
          "column": 39
        }
      },
      "4": {
        "start": {
          "line": 10,
          "column": 2
        },
        "end": {
          "line": 10,
          "column": 39
        }
      },
      "5": {
        "start": {
          "line": 11,
          "column": 2
        },
        "end": {
          "line": 13,
          "column": 4
        }
      },
      "6": {
        "start": {
          "line": 12,
          "column": 4
        },
        "end": {
          "line": 12,
          "column": 122
        }
      },
      "7": {
        "start": {
          "line": 14,
          "column": 2
        },
        "end": {
          "line": 14,
          "column": 75
        }
      },
      "8": {
        "start": {
          "line": 21,
          "column": 2
        },
        "end": {
          "line": 29,
          "column": 11
        }
      },
      "9": {
        "start": {
          "line": 21,
          "column": 155
        },
        "end": {
          "line": 25,
          "column": 10
        }
      },
      "10": {
        "start": {
          "line": 31,
          "column": 0
        },
        "end": {
          "line": 31,
          "column": 14
        }
      },
      "11": {
        "start": {
          "line": 33,
          "column": 0
        },
        "end": {
          "line": 33,
          "column": 29
        }
      },
      "12": {
        "start": {
          "line": 34,
          "column": 0
        },
        "end": {
          "line": 50,
          "column": 1
        }
      },
      "13": {
        "start": {
          "line": 35,
          "column": 2
        },
        "end": {
          "line": 35,
          "column": 39
        }
      },
      "14": {
        "start": {
          "line": 36,
          "column": 2
        },
        "end": {
          "line": 36,
          "column": 39
        }
      },
      "15": {
        "start": {
          "line": 37,
          "column": 2
        },
        "end": {
          "line": 49,
          "column": 5
        }
      },
      "16": {
        "start": {
          "line": 41,
          "column": 4
        },
        "end": {
          "line": 41,
          "column": 148
        }
      },
      "17": {
        "start": {
          "line": 42,
          "column": 4
        },
        "end": {
          "line": 48,
          "column": 7
        }
      },
      "18": {
        "start": {
          "line": 43,
          "column": 6
        },
        "end": {
          "line": 44,
          "column": 15
        }
      },
      "19": {
        "start": {
          "line": 44,
          "column": 8
        },
        "end": {
          "line": 44,
          "column": 15
        }
      },
      "20": {
        "start": {
          "line": 45,
          "column": 32
        },
        "end": {
          "line": 45,
          "column": 115
        }
      },
      "21": {
        "start": {
          "line": 46,
          "column": 6
        },
        "end": {
          "line": 47,
          "column": 54
        }
      },
      "22": {
        "start": {
          "line": 47,
          "column": 8
        },
        "end": {
          "line": 47,
          "column": 54
        }
      }
    },
    "fnMap": {
      "0": {
        "name": "(anonymous_0)",
        "decl": {
          "start": {
            "line": 11,
            "column": 24
          },
          "end": {
            "line": 11,
            "column": 25
          }
        },
        "loc": {
          "start": {
            "line": 11,
            "column": 38
          },
          "end": {
            "line": 13,
            "column": 3
          }
        },
        "line": 11
      },
      "1": {
        "name": "CardList",
        "decl": {
          "start": {
            "line": 17,
            "column": 16
          },
          "end": {
            "line": 17,
            "column": 24
          }
        },
        "loc": {
          "start": {
            "line": 20,
            "column": 3
          },
          "end": {
            "line": 30,
            "column": 1
          }
        },
        "line": 20
      },
      "2": {
        "name": "(anonymous_2)",
        "decl": {
          "start": {
            "line": 21,
            "column": 127
          },
          "end": {
            "line": 21,
            "column": 128
          }
        },
        "loc": {
          "start": {
            "line": 21,
            "column": 155
          },
          "end": {
            "line": 25,
            "column": 10
          }
        },
        "line": 21
      },
      "3": {
        "name": "(anonymous_3)",
        "decl": {
          "start": {
            "line": 40,
            "column": 9
          },
          "end": {
            "line": 40,
            "column": 10
          }
        },
        "loc": {
          "start": {
            "line": 40,
            "column": 29
          },
          "end": {
            "line": 49,
            "column": 3
          }
        },
        "line": 40
      },
      "4": {
        "name": "(anonymous_4)",
        "decl": {
          "start": {
            "line": 42,
            "column": 27
          },
          "end": {
            "line": 42,
            "column": 28
          }
        },
        "loc": {
          "start": {
            "line": 42,
            "column": 44
          },
          "end": {
            "line": 48,
            "column": 5
          }
        },
        "line": 42
      }
    },
    "branchMap": {
      "0": {
        "loc": {
          "start": {
            "line": 5,
            "column": 0
          },
          "end": {
            "line": 15,
            "column": 1
          }
        },
        "type": "if",
        "locations": [
          {
            "start": {
              "line": 5,
              "column": 0
            },
            "end": {
              "line": 15,
              "column": 1
            }
          },
          {
            "start": {},
            "end": {}
          }
        ],
        "line": 5
      },
      "1": {
        "loc": {
          "start": {
            "line": 6,
            "column": 2
          },
          "end": {
            "line": 8,
            "column": 3
          }
        },
        "type": "if",
        "locations": [
          {
            "start": {
              "line": 6,
              "column": 2
            },
            "end": {
              "line": 8,
              "column": 3
            }
          },
          {
            "start": {},
            "end": {}
          }
        ],
        "line": 6
      },
      "2": {
        "loc": {
          "start": {
            "line": 34,
            "column": 0
          },
          "end": {
            "line": 50,
            "column": 1
          }
        },
        "type": "if",
        "locations": [
          {
            "start": {
              "line": 34,
              "column": 0
            },
            "end": {
              "line": 50,
              "column": 1
            }
          },
          {
            "start": {},
            "end": {}
          }
        ],
        "line": 34
      },
      "3": {
        "loc": {
          "start": {
            "line": 43,
            "column": 6
          },
          "end": {
            "line": 44,
            "column": 15
          }
        },
        "type": "if",
        "locations": [
          {
            "start": {
              "line": 43,
              "column": 6
            },
            "end": {
              "line": 44,
              "column": 15
            }
          },
          {
            "start": {},
            "end": {}
          }
        ],
        "line": 43
      },
      "4": {
        "loc": {
          "start": {
            "line": 46,
            "column": 6
          },
          "end": {
            "line": 47,
            "column": 54
          }
        },
        "type": "if",
        "locations": [
          {
            "start": {
              "line": 46,
              "column": 6
            },
            "end": {
              "line": 47,
              "column": 54
            }
          },
          {
            "start": {},
            "end": {}
          }
        ],
        "line": 46
      }
    },
    "s": {
      "0": 66,
      "1": 66,
      "2": 0,
      "3": 66,
      "4": 66,
      "5": 66,
      "6": 66,
      "7": 66,
      "8": 74,
      "9": 430,
      "10": 118,
      "11": 252,
      "12": 118,
      "13": 118,
      "14": 340,
      "15": 102,
      "16": 96,
      "17": 727,
      "18": 46,
      "19": 37,
      "20": 46,
      "21": 46,
      "22": 46,
      "23": 45,
      "24": 45,
      "25": 27,
      "26": 27,
      "27": 27,
      "28": 0,
      "29": 0,
      "30": 0,
      "31": 0,
      "32": 0
    },
    "f": {
      "0": 66,
      "1": 126,
      "2": 564,
      "3": 340,
      "4": 701,
      "5": 37,
      "6": 27,
      "7": 0
    },
    "b": {
      "0": [
        66,
        0
      ],
      "1": [
        0,
        66
      ],
      "2": [
        50,
        68
      ],
      "3": [
        5,
        63
      ],
      "4": [
        46,
        0
      ],
      "5": [
        0,
        0
      ],
      "6": [
        0,
        0
      ]
    },
    "inputSourceMap": {
      "version": 3,
      "mappings": "AAQQ;AARR,OAAOA,oBAAkB;AAAA;AAAA;AAAA;AAAA;AAAA;AAAA;AAAA;AAAA;AAAA;AAAA;AAAA;AAAA;AAAA;AACzB,SAASC,YAAY;AAGd,gBAASC,SAAS;AAAA,EAAEC;AAAAA,EAASC;AAA6B,GAAG;AAClE,SACE,uBAAC,SAAI,eAAY,mBAAkB,WAAU,mBAC1CD,kBAAQE,IAAKC,YACZ,uBAAC,QAAK,QAAgC,iBAAXA,OAAOC,IAAlC;AAAA;AAAA;AAAA;AAAA,SAAmE,CACpE,KAHH;AAAA;AAAA;AAAA;AAAA,SAIA;AAEJ;AAACC,KAReN;AAAQ;AAAAO",
      "names": [
        "React",
        "Card",
        "CardList",
        "persons",
        "onShowDetails",
        "map",
        "person",
        "id",
        "_c",
        "$RefreshReg$"
      ],
      "sources": [
        "C:/Users/LENOVO/Desktop/Rss-React/react-components/src/components/CardList.tsx"
      ],
      "file": "C:/Users/LENOVO/Desktop/Rss-React/react-components/src/components/CardList.tsx"
    },
    "_coverageSchema": "1a1c01bbd47fc00a2c39e90264f33305004495a9",
    "hash": "6658549eff71bd2aabe56f88ee0aba13378d4bad"
  },
  "C:/Users/LENOVO/Desktop/Rss-React/react-components/src/components/Header.tsx": {
    "path": "C:/Users/LENOVO/Desktop/Rss-React/react-components/src/components/Header.tsx",
    "statementMap": {
      "0": {
        "start": {
          "line": 5,
          "column": 0
        },
        "end": {
          "line": 15,
          "column": 1
        }
      },
      "1": {
        "start": {
          "line": 6,
          "column": 2
        },
        "end": {
          "line": 8,
          "column": 3
        }
      },
      "2": {
        "start": {
          "line": 7,
          "column": 4
        },
        "end": {
          "line": 7,
          "column": 165
        }
      },
      "3": {
        "start": {
          "line": 9,
          "column": 2
        },
        "end": {
          "line": 9,
          "column": 39
        }
      },
      "4": {
        "start": {
          "line": 10,
          "column": 2
        },
        "end": {
          "line": 10,
          "column": 39
        }
      },
      "5": {
        "start": {
          "line": 11,
          "column": 2
        },
        "end": {
          "line": 13,
          "column": 4
        }
      },
      "6": {
        "start": {
          "line": 12,
          "column": 4
        },
        "end": {
          "line": 12,
          "column": 120
        }
      },
      "7": {
        "start": {
          "line": 14,
          "column": 2
        },
        "end": {
          "line": 14,
          "column": 75
        }
      },
      "8": {
        "start": {
          "line": 19,
          "column": 2
        },
        "end": {
          "line": 93,
          "column": 11
        }
      },
      "9": {
        "start": {
          "line": 36,
          "column": 12
        },
        "end": {
          "line": 39,
          "column": 12
        }
      },
      "10": {
        "start": {
          "line": 50,
          "column": 12
        },
        "end": {
          "line": 53,
          "column": 12
        }
      },
      "11": {
        "start": {
          "line": 64,
          "column": 12
        },
        "end": {
          "line": 67,
          "column": 12
        }
      },
      "12": {
        "start": {
          "line": 95,
          "column": 0
        },
        "end": {
          "line": 95,
          "column": 12
        }
      },
      "13": {
        "start": {
          "line": 97,
          "column": 0
        },
        "end": {
          "line": 97,
          "column": 27
        }
      },
      "14": {
        "start": {
          "line": 98,
          "column": 0
        },
        "end": {
          "line": 114,
          "column": 1
        }
      },
      "15": {
        "start": {
          "line": 99,
          "column": 2
        },
        "end": {
          "line": 99,
          "column": 39
        }
      },
      "16": {
        "start": {
          "line": 100,
          "column": 2
        },
        "end": {
          "line": 100,
          "column": 39
        }
      },
      "17": {
        "start": {
          "line": 101,
          "column": 2
        },
        "end": {
          "line": 113,
          "column": 5
        }
      },
      "18": {
        "start": {
          "line": 105,
          "column": 4
        },
        "end": {
          "line": 105,
          "column": 146
        }
      },
      "19": {
        "start": {
          "line": 106,
          "column": 4
        },
        "end": {
          "line": 112,
          "column": 7
        }
      },
      "20": {
        "start": {
          "line": 107,
          "column": 6
        },
        "end": {
          "line": 108,
          "column": 15
        }
      },
      "21": {
        "start": {
          "line": 108,
          "column": 8
        },
        "end": {
          "line": 108,
          "column": 15
        }
      },
      "22": {
        "start": {
          "line": 109,
          "column": 32
        },
        "end": {
          "line": 109,
          "column": 115
        }
      },
      "23": {
        "start": {
          "line": 110,
          "column": 6
        },
        "end": {
          "line": 111,
          "column": 54
        }
      },
      "24": {
        "start": {
          "line": 111,
          "column": 8
        },
        "end": {
          "line": 111,
          "column": 54
        }
      }
    },
    "fnMap": {
      "0": {
        "name": "(anonymous_0)",
        "decl": {
          "start": {
            "line": 11,
            "column": 24
          },
          "end": {
            "line": 11,
            "column": 25
          }
        },
        "loc": {
          "start": {
            "line": 11,
            "column": 38
          },
          "end": {
            "line": 13,
            "column": 3
          }
        },
        "line": 11
      },
      "1": {
        "name": "Header",
        "decl": {
          "start": {
            "line": 18,
            "column": 16
          },
          "end": {
            "line": 18,
            "column": 22
          }
        },
        "loc": {
          "start": {
            "line": 18,
            "column": 25
          },
          "end": {
            "line": 94,
            "column": 1
          }
        },
        "line": 18
      },
      "2": {
        "name": "(anonymous_2)",
        "decl": {
          "start": {
            "line": 34,
            "column": 127
          },
          "end": {
            "line": 34,
            "column": 128
          }
        },
        "loc": {
          "start": {
            "line": 36,
            "column": 12
          },
          "end": {
            "line": 39,
            "column": 12
          }
        },
        "line": 36
      },
      "3": {
        "name": "(anonymous_3)",
        "decl": {
          "start": {
            "line": 48,
            "column": 132
          },
          "end": {
            "line": 48,
            "column": 133
          }
        },
        "loc": {
          "start": {
            "line": 50,
            "column": 12
          },
          "end": {
            "line": 53,
            "column": 12
          }
        },
        "line": 50
      },
      "4": {
        "name": "(anonymous_4)",
        "decl": {
          "start": {
            "line": 62,
            "column": 132
          },
          "end": {
            "line": 62,
            "column": 133
          }
        },
        "loc": {
          "start": {
            "line": 64,
            "column": 12
          },
          "end": {
            "line": 67,
            "column": 12
          }
        },
        "line": 64
      },
      "5": {
        "name": "(anonymous_5)",
        "decl": {
          "start": {
            "line": 104,
            "column": 9
          },
          "end": {
            "line": 104,
            "column": 10
          }
        },
        "loc": {
          "start": {
            "line": 104,
            "column": 29
          },
          "end": {
            "line": 113,
            "column": 3
          }
        },
        "line": 104
      },
      "6": {
        "name": "(anonymous_6)",
        "decl": {
          "start": {
            "line": 106,
            "column": 27
          },
          "end": {
            "line": 106,
            "column": 28
          }
        },
        "loc": {
          "start": {
            "line": 106,
            "column": 44
          },
          "end": {
            "line": 112,
            "column": 5
          }
        },
        "line": 106
      }
    },
    "branchMap": {
      "0": {
        "loc": {
          "start": {
            "line": 5,
            "column": 0
          },
          "end": {
            "line": 15,
            "column": 1
          }
        },
        "type": "if",
        "locations": [
          {
            "start": {
              "line": 5,
              "column": 0
            },
            "end": {
              "line": 15,
              "column": 1
            }
          },
          {
            "start": {},
            "end": {}
          }
        ],
        "line": 5
      },
      "1": {
        "loc": {
          "start": {
            "line": 6,
            "column": 2
          },
          "end": {
            "line": 8,
            "column": 3
          }
        },
        "type": "if",
        "locations": [
          {
            "start": {
              "line": 6,
              "column": 2
            },
            "end": {
              "line": 8,
              "column": 3
            }
          },
          {
            "start": {},
            "end": {}
          }
        ],
        "line": 6
      },
      "2": {
        "loc": {
          "start": {
            "line": 36,
            "column": 12
          },
          "end": {
            "line": 39,
            "column": 12
          }
        },
        "type": "cond-expr",
        "locations": [
          {
            "start": {
              "line": 36,
              "column": 23
            },
            "end": {
              "line": 39,
              "column": 7
            }
          },
          {
            "start": {
              "line": 39,
              "column": 10
            },
            "end": {
              "line": 39,
              "column": 12
            }
          }
        ],
        "line": 36
      },
      "3": {
        "loc": {
          "start": {
            "line": 50,
            "column": 12
          },
          "end": {
            "line": 53,
            "column": 12
          }
        },
        "type": "cond-expr",
        "locations": [
          {
            "start": {
              "line": 50,
              "column": 23
            },
            "end": {
              "line": 53,
              "column": 7
            }
          },
          {
            "start": {
              "line": 53,
              "column": 10
            },
            "end": {
              "line": 53,
              "column": 12
            }
          }
        ],
        "line": 50
      },
      "4": {
        "loc": {
          "start": {
            "line": 64,
            "column": 12
          },
          "end": {
            "line": 67,
            "column": 12
          }
        },
        "type": "cond-expr",
        "locations": [
          {
            "start": {
              "line": 64,
              "column": 23
            },
            "end": {
              "line": 67,
              "column": 7
            }
          },
          {
            "start": {
              "line": 67,
              "column": 10
            },
            "end": {
              "line": 67,
              "column": 12
            }
          }
        ],
        "line": 64
      },
      "5": {
        "loc": {
          "start": {
            "line": 98,
            "column": 0
          },
          "end": {
            "line": 114,
            "column": 1
          }
        },
        "type": "if",
        "locations": [
          {
            "start": {
              "line": 98,
              "column": 0
            },
            "end": {
              "line": 114,
              "column": 1
            }
          },
          {
            "start": {},
            "end": {}
          }
        ],
        "line": 98
      },
      "6": {
        "loc": {
          "start": {
            "line": 107,
            "column": 6
          },
          "end": {
            "line": 108,
            "column": 15
          }
        },
        "type": "if",
        "locations": [
          {
            "start": {
              "line": 107,
              "column": 6
            },
            "end": {
              "line": 108,
              "column": 15
            }
          },
          {
            "start": {},
            "end": {}
          }
        ],
        "line": 107
      },
      "7": {
        "loc": {
          "start": {
            "line": 110,
            "column": 6
          },
          "end": {
            "line": 111,
            "column": 54
          }
        },
        "type": "if",
        "locations": [
          {
            "start": {
              "line": 110,
              "column": 6
            },
            "end": {
              "line": 111,
              "column": 54
            }
          },
          {
            "start": {},
            "end": {}
          }
        ],
        "line": 110
      }
    },
    "s": {
      "0": 66,
      "1": 66,
      "2": 0,
      "3": 66,
      "4": 66,
      "5": 66,
      "6": 66,
      "7": 66,
      "8": 235,
      "9": 235,
      "10": 235,
      "11": 235,
      "12": 66,
      "13": 66,
      "14": 66,
      "15": 66,
      "16": 66,
      "17": 66,
      "18": 66,
      "19": 66,
      "20": 0,
      "21": 0,
      "22": 0,
      "23": 0,
      "24": 0
    },
    "f": {
      "0": 66,
      "1": 235,
      "2": 235,
      "3": 235,
      "4": 235,
      "5": 66,
      "6": 0
    },
    "b": {
      "0": [
        66,
        0
      ],
      "1": [
        0,
        66
      ],
      "2": [
        158,
        77
      ],
      "3": [
        21,
        214
      ],
      "4": [
        49,
        186
      ],
      "5": [
        66,
        0
      ],
      "6": [
        0,
        0
      ],
      "7": [
        0,
        0
      ]
    },
    "inputSourceMap": {
      "version": 3,
      "mappings": "AASU;AATV,OAAOA,oBAAkB;AAAA;AAAA;AAAA;AAAA;AAAA;AAAA;AAAA;AAAA;AAAA;AAAA;AAAA;AAAA;AAAA;AACzB,SAASC,eAAe;AACxB,OAAOC,UAAU;AAEV,gBAASC,SAAS;AACvB,SACE,uBAAC,YAAO,eAAY,UAAS,WAAU,UACrC;AAAA,2BAAC,SACC,iCAAC,WAAQ,IAAG,KAAI,WAAU,QACxB,iCAAC,SAAI,WAAU,QAAO,KAAKD,MAAM,KAAI,MAArC;AAAA;AAAA;AAAA;AAAA,WAAuC,KADzC;AAAA;AAAA;AAAA;AAAA,WAEA,KAHF;AAAA;AAAA;AAAA;AAAA,WAIA;AAAA,IACA,uBAAC,SAAI,WAAU,sBACb,iCAAC,SAAI,WAAU,cACb,iCAAC,QACC;AAAA,6BAAC,QACC,iCAAC,WACC,WAAU,mBACV,IAAG,KACH,OAAO,CAAC;AAAA,QAAEE;AAAAA,MAAS,MACjBA,WACI;AAAA,QACEC,gBAAgB;AAAA,QAChBC,OAAO;AAAA,MACT,IACA,CAAC,GAER,oBAXD;AAAA;AAAA;AAAA;AAAA,aAaA,KAdF;AAAA;AAAA;AAAA;AAAA,aAeA;AAAA,MACA,uBAAC,QACC,iCAAC,WACC,WAAU,mBACV,IAAG,UACH,OAAO,CAAC;AAAA,QAAEF;AAAAA,MAAS,MACjBA,WACI;AAAA,QACEC,gBAAgB;AAAA,QAChBC,OAAO;AAAA,MACT,IACA,CAAC,GAER,qBAXD;AAAA;AAAA;AAAA;AAAA,aAaA,KAdF;AAAA;AAAA;AAAA;AAAA,aAeA;AAAA,MACA,uBAAC,QACC,iCAAC,WACC,WAAU,mBACV,IAAG,UACH,OAAO,CAAC;AAAA,QAAEF;AAAAA,MAAS,MACjBA,WACI;AAAA,QACEC,gBAAgB;AAAA,QAChBC,OAAO;AAAA,MACT,IACA,CAAC,GAER,oBAXD;AAAA;AAAA;AAAA;AAAA,aAaA,KAdF;AAAA;AAAA;AAAA;AAAA,aAeA;AAAA,SAhDF;AAAA;AAAA;AAAA;AAAA,WAiDA,KAlDF;AAAA;AAAA;AAAA;AAAA,WAmDA,KApDF;AAAA;AAAA;AAAA;AAAA,WAqDA;AAAA,OA3DF;AAAA;AAAA;AAAA;AAAA,SA4DA;AAEJ;AAACC,KAhEeJ;AAAM;AAAAK",
      "names": [
        "React",
        "NavLink",
        "logo",
        "Header",
        "isActive",
        "textDecoration",
        "color",
        "_c",
        "$RefreshReg$"
      ],
      "sources": [
        "C:/Users/LENOVO/Desktop/Rss-React/react-components/src/components/Header.tsx"
      ],
      "file": "C:/Users/LENOVO/Desktop/Rss-React/react-components/src/components/Header.tsx"
    },
    "_coverageSchema": "1a1c01bbd47fc00a2c39e90264f33305004495a9",
    "hash": "cd97d876d8e1820390e17111471d6745aed9cd08"
  },
  "C:/Users/LENOVO/Desktop/Rss-React/react-components/src/components/Footer.tsx": {
    "path": "C:/Users/LENOVO/Desktop/Rss-React/react-components/src/components/Footer.tsx",
    "statementMap": {
      "0": {
        "start": {
          "line": 5,
          "column": 0
        },
        "end": {
          "line": 15,
          "column": 1
        }
      },
      "1": {
        "start": {
          "line": 6,
          "column": 2
        },
        "end": {
          "line": 8,
          "column": 3
        }
      },
      "2": {
        "start": {
          "line": 7,
          "column": 4
        },
        "end": {
          "line": 7,
          "column": 165
        }
      },
      "3": {
        "start": {
          "line": 9,
          "column": 2
        },
        "end": {
          "line": 9,
          "column": 39
        }
      },
      "4": {
        "start": {
          "line": 10,
          "column": 2
        },
        "end": {
          "line": 10,
          "column": 39
        }
      },
      "5": {
        "start": {
          "line": 11,
          "column": 2
        },
        "end": {
          "line": 13,
          "column": 4
        }
      },
      "6": {
        "start": {
          "line": 12,
          "column": 4
        },
        "end": {
          "line": 12,
          "column": 120
        }
      },
      "7": {
        "start": {
          "line": 14,
          "column": 2
        },
        "end": {
          "line": 14,
          "column": 75
        }
      },
      "8": {
        "start": {
          "line": 19,
          "column": 2
        },
        "end": {
          "line": 58,
          "column": 11
        }
      },
      "9": {
        "start": {
          "line": 60,
          "column": 0
        },
        "end": {
          "line": 60,
          "column": 12
        }
      },
      "10": {
        "start": {
          "line": 62,
          "column": 0
        },
        "end": {
          "line": 62,
          "column": 27
        }
      },
      "11": {
        "start": {
          "line": 63,
          "column": 0
        },
        "end": {
          "line": 79,
          "column": 1
        }
      },
      "12": {
        "start": {
          "line": 64,
          "column": 2
        },
        "end": {
          "line": 64,
          "column": 39
        }
      },
      "13": {
        "start": {
          "line": 65,
          "column": 2
        },
        "end": {
          "line": 65,
          "column": 39
        }
      },
      "14": {
        "start": {
          "line": 66,
          "column": 2
        },
        "end": {
          "line": 78,
          "column": 5
        }
      },
      "15": {
        "start": {
          "line": 70,
          "column": 4
        },
        "end": {
          "line": 70,
          "column": 146
        }
      },
      "16": {
        "start": {
          "line": 71,
          "column": 4
        },
        "end": {
          "line": 77,
          "column": 7
        }
      },
      "17": {
        "start": {
          "line": 72,
          "column": 6
        },
        "end": {
          "line": 73,
          "column": 15
        }
      },
      "18": {
        "start": {
          "line": 73,
          "column": 8
        },
        "end": {
          "line": 73,
          "column": 15
        }
      },
      "19": {
        "start": {
          "line": 74,
          "column": 32
        },
        "end": {
          "line": 74,
          "column": 115
        }
      },
      "20": {
        "start": {
          "line": 75,
          "column": 6
        },
        "end": {
          "line": 76,
          "column": 54
        }
      },
      "21": {
        "start": {
          "line": 76,
          "column": 8
        },
        "end": {
          "line": 76,
          "column": 54
        }
      }
    },
    "fnMap": {
      "0": {
        "name": "(anonymous_0)",
        "decl": {
          "start": {
            "line": 11,
            "column": 24
          },
          "end": {
            "line": 11,
            "column": 25
          }
        },
        "loc": {
          "start": {
            "line": 11,
            "column": 38
          },
          "end": {
            "line": 13,
            "column": 3
          }
        },
        "line": 11
      },
      "1": {
        "name": "Footer",
        "decl": {
          "start": {
            "line": 18,
            "column": 16
          },
          "end": {
            "line": 18,
            "column": 22
          }
        },
        "loc": {
          "start": {
            "line": 18,
            "column": 25
          },
          "end": {
            "line": 59,
            "column": 1
          }
        },
        "line": 18
      },
      "2": {
        "name": "(anonymous_2)",
        "decl": {
          "start": {
            "line": 69,
            "column": 9
          },
          "end": {
            "line": 69,
            "column": 10
          }
        },
        "loc": {
          "start": {
            "line": 69,
            "column": 29
          },
          "end": {
            "line": 78,
            "column": 3
          }
        },
        "line": 69
      },
      "3": {
        "name": "(anonymous_3)",
        "decl": {
          "start": {
            "line": 71,
            "column": 27
          },
          "end": {
            "line": 71,
            "column": 28
          }
        },
        "loc": {
          "start": {
            "line": 71,
            "column": 44
          },
          "end": {
            "line": 77,
            "column": 5
          }
        },
        "line": 71
      }
    },
    "branchMap": {
      "0": {
        "loc": {
          "start": {
            "line": 5,
            "column": 0
          },
          "end": {
            "line": 15,
            "column": 1
          }
        },
        "type": "if",
        "locations": [
          {
            "start": {
              "line": 5,
              "column": 0
            },
            "end": {
              "line": 15,
              "column": 1
            }
          },
          {
            "start": {},
            "end": {}
          }
        ],
        "line": 5
      },
      "1": {
        "loc": {
          "start": {
            "line": 6,
            "column": 2
          },
          "end": {
            "line": 8,
            "column": 3
          }
        },
        "type": "if",
        "locations": [
          {
            "start": {
              "line": 6,
              "column": 2
            },
            "end": {
              "line": 8,
              "column": 3
            }
          },
          {
            "start": {},
            "end": {}
          }
        ],
        "line": 6
      },
      "2": {
        "loc": {
          "start": {
            "line": 63,
            "column": 0
          },
          "end": {
            "line": 79,
            "column": 1
          }
        },
        "type": "if",
        "locations": [
          {
            "start": {
              "line": 63,
              "column": 0
            },
            "end": {
              "line": 79,
              "column": 1
            }
          },
          {
            "start": {},
            "end": {}
          }
        ],
        "line": 63
      },
      "3": {
        "loc": {
          "start": {
            "line": 72,
            "column": 6
          },
          "end": {
            "line": 73,
            "column": 15
          }
        },
        "type": "if",
        "locations": [
          {
            "start": {
              "line": 72,
              "column": 6
            },
            "end": {
              "line": 73,
              "column": 15
            }
          },
          {
            "start": {},
            "end": {}
          }
        ],
        "line": 72
      },
      "4": {
        "loc": {
          "start": {
            "line": 75,
            "column": 6
          },
          "end": {
            "line": 76,
            "column": 54
          }
        },
        "type": "if",
        "locations": [
          {
            "start": {
              "line": 75,
              "column": 6
            },
            "end": {
              "line": 76,
              "column": 54
            }
          },
          {
            "start": {},
            "end": {}
          }
        ],
        "line": 75
      }
    },
    "s": {
      "0": 66,
      "1": 66,
      "2": 0,
      "3": 66,
      "4": 66,
      "5": 66,
      "6": 66,
      "7": 66,
      "8": 235,
      "9": 66,
      "10": 66,
      "11": 66,
      "12": 66,
      "13": 66,
      "14": 66,
      "15": 66,
      "16": 66,
      "17": 0,
      "18": 0,
      "19": 0,
      "20": 0,
      "21": 0
    },
    "f": {
      "0": 66,
      "1": 235,
      "2": 66,
      "3": 0
    },
    "b": {
      "0": [
        66,
        0
      ],
      "1": [
        0,
        66
      ],
      "2": [
        66,
        0
      ],
      "3": [
        0,
        0
      ],
      "4": [
        0,
        0
      ]
    },
    "inputSourceMap": {
      "version": 3,
      "mappings": "AAQQ;AARR,OAAOA,oBAAkB;AAAA;AAAA;AAAA;AAAA;AAAA;AAAA;AAAA;AAAA;AAAA;AAAA;AAAA;AAAA;AAAA;AACzB,OAAOC,gBAAgB;AACvB,OAAOC,aAAa;AAEb,gBAASC,SAAS;AACvB,SACE,uBAAC,YAAO,WAAU,UAChB;AAAA,2BAAC,OAAE,MAAK,8BACN,iCAAC,SAAI,WAAU,cAAa,KAAKF,YAAY,KAAI,iBAAjD;AAAA;AAAA;AAAA;AAAA,WAA8D,KADhE;AAAA;AAAA;AAAA;AAAA,WAEA;AAAA,IACA,uBAAC,SAAI,WAAU,sBACb;AAAA,6BAAC,OAAE,iCAAH;AAAA;AAAA;AAAA;AAAA,aAAoB;AAAA,MACpB,uBAAC,OAAE,qBAAH;AAAA;AAAA;AAAA;AAAA,aAAQ;AAAA,SAFV;AAAA;AAAA;AAAA;AAAA,WAGA;AAAA,IACA,uBAAC,OAAE,MAAK,yBACN,iCAAC,SAAI,WAAU,WAAU,KAAKC,SAAS,KAAI,mBAA3C;AAAA;AAAA;AAAA;AAAA,WAA0D,KAD5D;AAAA;AAAA;AAAA;AAAA,WAEA;AAAA,OAVF;AAAA;AAAA;AAAA;AAAA,SAWA;AAEJ;AAACE,KAfeD;AAAM;AAAAE",
      "names": [
        "React",
        "githubIcon",
        "rssIcon",
        "Footer",
        "_c",
        "$RefreshReg$"
      ],
      "sources": [
        "C:/Users/LENOVO/Desktop/Rss-React/react-components/src/components/Footer.tsx"
      ],
      "file": "C:/Users/LENOVO/Desktop/Rss-React/react-components/src/components/Footer.tsx"
    },
    "_coverageSchema": "1a1c01bbd47fc00a2c39e90264f33305004495a9",
    "hash": "e04baa93d343e265fd9b421647abd2c6ea48829f"
  },
  "C:/Users/LENOVO/Desktop/Rss-React/react-components/src/components/SearchBar.tsx": {
    "path": "C:/Users/LENOVO/Desktop/Rss-React/react-components/src/components/SearchBar.tsx",
    "statementMap": {
      "0": {
        "start": {
          "line": 5,
          "column": 0
        },
        "end": {
          "line": 15,
          "column": 1
        }
      },
      "1": {
        "start": {
          "line": 6,
          "column": 2
        },
        "end": {
          "line": 8,
          "column": 3
        }
      },
      "2": {
        "start": {
          "line": 7,
          "column": 4
        },
        "end": {
          "line": 7,
          "column": 165
        }
      },
      "3": {
        "start": {
          "line": 9,
          "column": 2
        },
        "end": {
          "line": 9,
          "column": 39
        }
      },
      "4": {
        "start": {
          "line": 10,
          "column": 2
        },
        "end": {
          "line": 10,
          "column": 39
        }
      },
      "5": {
        "start": {
          "line": 11,
          "column": 2
        },
        "end": {
          "line": 13,
          "column": 4
        }
      },
      "6": {
        "start": {
          "line": 12,
          "column": 4
        },
        "end": {
          "line": 12,
          "column": 123
        }
      },
      "7": {
        "start": {
          "line": 14,
          "column": 2
        },
        "end": {
          "line": 14,
          "column": 75
        }
      },
      "8": {
        "start": {
          "line": 16,
          "column": 9
        },
        "end": {
          "line": 16,
          "column": 23
        }
      },
      "9": {
        "start": {
          "line": 22,
          "column": 2
        },
        "end": {
          "line": 22,
          "column": 7
        }
      },
      "10": {
        "start": {
          "line": 23,
          "column": 20
        },
        "end": {
          "line": 23,
          "column": 32
        }
      },
      "11": {
        "start": {
          "line": 24,
          "column": 19
        },
        "end": {
          "line": 24,
          "column": 32
        }
      },
      "12": {
        "start": {
          "line": 25,
          "column": 21
        },
        "end": {
          "line": 25,
          "column": 68
        }
      },
      "13": {
        "start": {
          "line": 25,
          "column": 44
        },
        "end": {
          "line": 25,
          "column": 67
        }
      },
      "14": {
        "start": {
          "line": 26,
          "column": 23
        },
        "end": {
          "line": 31,
          "column": 3
        }
      },
      "15": {
        "start": {
          "line": 27,
          "column": 4
        },
        "end": {
          "line": 27,
          "column": 27
        }
      },
      "16": {
        "start": {
          "line": 28,
          "column": 4
        },
        "end": {
          "line": 30,
          "column": 5
        }
      },
      "17": {
        "start": {
          "line": 29,
          "column": 6
        },
        "end": {
          "line": 29,
          "column": 55
        }
      },
      "18": {
        "start": {
          "line": 32,
          "column": 2
        },
        "end": {
          "line": 47,
          "column": 11
        }
      },
      "19": {
        "start": {
          "line": 49,
          "column": 0
        },
        "end": {
          "line": 51,
          "column": 3
        }
      },
      "20": {
        "start": {
          "line": 50,
          "column": 2
        },
        "end": {
          "line": 50,
          "column": 36
        }
      },
      "21": {
        "start": {
          "line": 52,
          "column": 0
        },
        "end": {
          "line": 52,
          "column": 15
        }
      },
      "22": {
        "start": {
          "line": 54,
          "column": 0
        },
        "end": {
          "line": 54,
          "column": 30
        }
      },
      "23": {
        "start": {
          "line": 55,
          "column": 0
        },
        "end": {
          "line": 71,
          "column": 1
        }
      },
      "24": {
        "start": {
          "line": 56,
          "column": 2
        },
        "end": {
          "line": 56,
          "column": 39
        }
      },
      "25": {
        "start": {
          "line": 57,
          "column": 2
        },
        "end": {
          "line": 57,
          "column": 39
        }
      },
      "26": {
        "start": {
          "line": 58,
          "column": 2
        },
        "end": {
          "line": 70,
          "column": 5
        }
      },
      "27": {
        "start": {
          "line": 62,
          "column": 4
        },
        "end": {
          "line": 62,
          "column": 149
        }
      },
      "28": {
        "start": {
          "line": 63,
          "column": 4
        },
        "end": {
          "line": 69,
          "column": 7
        }
      },
      "29": {
        "start": {
          "line": 64,
          "column": 6
        },
        "end": {
          "line": 65,
          "column": 15
        }
      },
      "30": {
        "start": {
          "line": 65,
          "column": 8
        },
        "end": {
          "line": 65,
          "column": 15
        }
      },
      "31": {
        "start": {
          "line": 66,
          "column": 32
        },
        "end": {
          "line": 66,
          "column": 115
        }
      },
      "32": {
        "start": {
          "line": 67,
          "column": 6
        },
        "end": {
          "line": 68,
          "column": 54
        }
      },
      "33": {
        "start": {
          "line": 68,
          "column": 8
        },
        "end": {
          "line": 68,
          "column": 54
        }
      }
    },
    "fnMap": {
      "0": {
        "name": "(anonymous_0)",
        "decl": {
          "start": {
            "line": 11,
            "column": 24
          },
          "end": {
            "line": 11,
            "column": 25
          }
        },
        "loc": {
          "start": {
            "line": 11,
            "column": 38
          },
          "end": {
            "line": 13,
            "column": 3
          }
        },
        "line": 11
      },
      "1": {
        "name": "SearchBar",
        "decl": {
          "start": {
            "line": 21,
            "column": 16
          },
          "end": {
            "line": 21,
            "column": 25
          }
        },
        "loc": {
          "start": {
            "line": 21,
            "column": 28
          },
          "end": {
            "line": 48,
            "column": 1
          }
        },
        "line": 21
      },
      "2": {
        "name": "(anonymous_2)",
        "decl": {
          "start": {
            "line": 25,
            "column": 33
          },
          "end": {
            "line": 25,
            "column": 34
          }
        },
        "loc": {
          "start": {
            "line": 25,
            "column": 44
          },
          "end": {
            "line": 25,
            "column": 67
          }
        },
        "line": 25
      },
      "3": {
        "name": "(anonymous_3)",
        "decl": {
          "start": {
            "line": 26,
            "column": 23
          },
          "end": {
            "line": 26,
            "column": 24
          }
        },
        "loc": {
          "start": {
            "line": 26,
            "column": 34
          },
          "end": {
            "line": 31,
            "column": 3
          }
        },
        "line": 26
      },
      "4": {
        "name": "(anonymous_4)",
        "decl": {
          "start": {
            "line": 49,
            "column": 53
          },
          "end": {
            "line": 49,
            "column": 54
          }
        },
        "loc": {
          "start": {
            "line": 49,
            "column": 64
          },
          "end": {
            "line": 51,
            "column": 1
          }
        },
        "line": 49
      },
      "5": {
        "name": "(anonymous_5)",
        "decl": {
          "start": {
            "line": 61,
            "column": 9
          },
          "end": {
            "line": 61,
            "column": 10
          }
        },
        "loc": {
          "start": {
            "line": 61,
            "column": 29
          },
          "end": {
            "line": 70,
            "column": 3
          }
        },
        "line": 61
      },
      "6": {
        "name": "(anonymous_6)",
        "decl": {
          "start": {
            "line": 63,
            "column": 27
          },
          "end": {
            "line": 63,
            "column": 28
          }
        },
        "loc": {
          "start": {
            "line": 63,
            "column": 44
          },
          "end": {
            "line": 69,
            "column": 5
          }
        },
        "line": 63
      }
    },
    "branchMap": {
      "0": {
        "loc": {
          "start": {
            "line": 5,
            "column": 0
          },
          "end": {
            "line": 15,
            "column": 1
          }
        },
        "type": "if",
        "locations": [
          {
            "start": {
              "line": 5,
              "column": 0
            },
            "end": {
              "line": 15,
              "column": 1
            }
          },
          {
            "start": {},
            "end": {}
          }
        ],
        "line": 5
      },
      "1": {
        "loc": {
          "start": {
            "line": 6,
            "column": 2
          },
          "end": {
            "line": 8,
            "column": 3
          }
        },
        "type": "if",
        "locations": [
          {
            "start": {
              "line": 6,
              "column": 2
            },
            "end": {
              "line": 8,
              "column": 3
            }
          },
          {
            "start": {},
            "end": {}
          }
        ],
        "line": 6
      },
      "2": {
        "loc": {
          "start": {
            "line": 28,
            "column": 4
          },
          "end": {
            "line": 30,
[...]
        },
        "loc": {
          "start": {
            "line": 114,
            "column": 29
          },
          "end": {
            "line": 123,
            "column": 3
          }
        },
        "line": 114
      },
      "8": {
        "name": "(anonymous_8)",
        "decl": {
          "start": {
            "line": 116,
            "column": 27
          },
          "end": {
            "line": 116,
            "column": 28
          }
        },
        "loc": {
          "start": {
            "line": 116,
            "column": 44
          },
          "end": {
            "line": 122,
            "column": 5
          }
        },
        "line": 116
      }
    },
    "branchMap": {
      "0": {
        "loc": {
          "start": {
            "line": 5,
            "column": 0
          },
          "end": {
            "line": 15,
            "column": 1
          }
        },
        "type": "if",
        "locations": [
          {
            "start": {
              "line": 5,
              "column": 0
            },
            "end": {
              "line": 15,
              "column": 1
            }
          },
          {
            "start": {},
            "end": {}
          }
        ],
        "line": 5
      },
      "1": {
        "loc": {
          "start": {
            "line": 6,
            "column": 2
          },
          "end": {
            "line": 8,
            "column": 3
          }
        },
        "type": "if",
        "locations": [
          {
            "start": {
              "line": 6,
              "column": 2
            },
            "end": {
              "line": 8,
              "column": 3
            }
          },
          {
            "start": {},
            "end": {}
          }
        ],
        "line": 6
      },
      "2": {
        "loc": {
          "start": {
            "line": 73,
            "column": 63
          },
          "end": {
            "line": 73,
            "column": 88
          }
        },
        "type": "cond-expr",
        "locations": [
          {
            "start": {
              "line": 73,
              "column": 74
            },
            "end": {
              "line": 73,
              "column": 83
            }
          },
          {
            "start": {
              "line": 73,
              "column": 86
            },
            "end": {
              "line": 73,
              "column": 88
            }
          }
        ],
        "line": 73
      },
      "3": {
        "loc": {
          "start": {
            "line": 108,
            "column": 0
          },
          "end": {
            "line": 124,
            "column": 1
          }
        },
        "type": "if",
        "locations": [
          {
            "start": {
              "line": 108,
              "column": 0
            },
            "end": {
              "line": 124,
              "column": 1
            }
          },
          {
            "start": {},
            "end": {}
          }
        ],
        "line": 108
      },
      "4": {
        "loc": {
          "start": {
            "line": 117,
            "column": 6
          },
          "end": {
            "line": 118,
            "column": 15
          }
        },
        "type": "if",
        "locations": [
          {
            "start": {
              "line": 117,
              "column": 6
            },
            "end": {
              "line": 118,
              "column": 15
            }
          },
          {
            "start": {},
            "end": {}
          }
        ],
        "line": 117
      },
      "5": {
        "loc": {
          "start": {
            "line": 120,
            "column": 6
          },
          "end": {
            "line": 121,
            "column": 54
          }
        },
        "type": "if",
        "locations": [
          {
            "start": {
              "line": 120,
              "column": 6
            },
            "end": {
              "line": 121,
              "column": 54
            }
          },
          {
            "start": {},
            "end": {}
          }
        ],
        "line": 120
      }
    },
    "s": {
      "0": 66,
      "1": 66,
      "2": 0,
      "3": 66,
      "4": 66,
      "5": 66,
      "6": 66,
      "7": 66,
      "8": 66,
      "9": 49,
      "10": 49,
      "11": 49,
      "12": 60,
      "13": 49,
      "14": 7,
      "15": 7,
      "16": 49,
      "17": 21,
      "18": 66,
      "19": 28,
      "20": 66,
      "21": 66,
      "22": 66,
      "23": 66,
      "24": 66,
      "25": 66,
      "26": 66,
      "27": 66,
      "28": 0,
      "29": 0,
      "30": 0,
      "31": 0,
      "32": 0
    },
    "f": {
      "0": 66,
      "1": 49,
      "2": 60,
      "3": 7,
      "4": 7,
      "5": 21,
      "6": 28,
      "7": 66,
      "8": 0
    },
    "b": {
      "0": [
        66,
        0
      ],
      "1": [
        0,
        66
      ],
      "2": [
        7,
        42
      ],
      "3": [
        66,
        0
      ],
      "4": [
        0,
        0
      ],
      "5": [
        0,
        0
      ]
    },
    "inputSourceMap": {
      "version": 3,
      "mappings": "AAkBM;;;;;;;;;;;;;;;;AAlBN,SAAgBA,gBAAgB;AAChC,SAASC,cAAc;AACvB,SAASC,cAAc;AACvB,SAASC,YAAY;AACrB,SAASC,gBAAgB;AAEzB,SAASC,mBAAmB;AAErB,gBAASC,YAAY;AAAAC;AAC1B,QAAM,CAACC,UAAUC,WAAW,IAAIT,SAAS,KAAK;AAC9C,QAAMU,UAAUL,YAAY,CAACM,UAAqBA,MAAMC,KAAKC,WAAW;AAExE,QAAMC,kBAAkBA,MAAM;AAC5BL,gBAAaM,kBAAiB,CAACA,YAAY;AAAA,EAC7C;AAEA,SACE,uBAAC,SAAI,WAAU,aACb;AAAA,2BAAC,YAAD;AAAA;AAAA;AAAA;AAAA,WAAO;AAAA,IACP,uBAAC,UAAK,WAAU,QACd,iCAAC,SAAI,WAAU,sBACb;AAAA,6BAAC,SAAI,WAAU,wBACb;AAAA,+BAAC,QAAG,eAAY,sBAAqB,sDAArC;AAAA;AAAA;AAAA;AAAA,eAA2E;AAAA,QAC3E,uBAAC,QAAK,mBAAN;AAAA;AAAA;AAAA;AAAA,eAAuC;AAAA,WAFzC;AAAA;AAAA;AAAA;AAAA,aAGA;AAAA,MACA,uBAAC,SAAI,WAAU,0BACb;AAAA,+BAAC,QAAG,eAAY,2BAA0B,0CAA1C;AAAA;AAAA;AAAA;AAAA,eAAoE;AAAA,QACpE,uBAAC,SAAI,eAAY,kBAAiB,WAAU,oBACzCL,kBAAQM,IAAI,CAACC,QAAQC,UACpB,uBAAC,YAAqB,UAAPA,OAAf;AAAA;AAAA;AAAA;AAAA,eAAqC,CACtC,KAHH;AAAA;AAAA;AAAA;AAAA,eAIA;AAAA,WANF;AAAA;AAAA;AAAA;AAAA,aAOA;AAAA,MACA,uBAAC,SACC,WAAY,cAAaV,WAAW,YAAY,MAChD,eAAY,qBAEZ,iCAAC,OAAE,wCAAH;AAAA;AAAA;AAAA;AAAA,aAA2B,KAJ7B;AAAA;AAAA;AAAA;AAAA,aAKA;AAAA,SAlBF;AAAA;AAAA;AAAA;AAAA,WAmBA,KApBF;AAAA;AAAA;AAAA;AAAA,WAqBA;AAAA,IACA,uBAAC,YAAD;AAAA;AAAA;AAAA;AAAA,WAAO;AAAA,OAxBT;AAAA;AAAA;AAAA;AAAA,SAyBA;AAEJ;AAACD,GApCeD,WAAS;AAAA,UAEPD,WAAW;AAAA;AAAAc,KAFbb;AAAS;AAAAc",
      "names": [
        "useState",
        "Header",
        "Footer",
        "Form",
        "CardForm",
        "useSelector",
        "FormsPage",
        "_s",
        "isActive",
        "setIsActive",
        "persons",
        "state",
        "form",
        "personsForm",
        "showModalWindow",
        "prevIsActive",
        "map",
        "person",
        "index",
        "_c",
        "$RefreshReg$"
      ],
      "sources": [
        "C:/Users/LENOVO/Desktop/Rss-React/react-components/src/pages/FormsPage.tsx"
      ],
      "file": "C:/Users/LENOVO/Desktop/Rss-React/react-components/src/pages/FormsPage.tsx"
    },
    "_coverageSchema": "1a1c01bbd47fc00a2c39e90264f33305004495a9",
    "hash": "063c16101646161170e4e102cf41e13b76a57764"
  },
  "C:/Users/LENOVO/Desktop/Rss-React/react-components/src/App.tsx": {
    "path": "C:/Users/LENOVO/Desktop/Rss-React/react-components/src/App.tsx",
    "statementMap": {
      "0": {
        "start": {
          "line": 5,
          "column": 0
        },
        "end": {
          "line": 15,
          "column": 1
        }
      },
      "1": {
        "start": {
          "line": 6,
          "column": 2
        },
        "end": {
          "line": 8,
          "column": 3
        }
      },
      "2": {
        "start": {
          "line": 7,
          "column": 4
        },
        "end": {
          "line": 7,
          "column": 165
        }
      },
      "3": {
        "start": {
          "line": 9,
          "column": 2
        },
        "end": {
          "line": 9,
          "column": 39
        }
      },
      "4": {
        "start": {
          "line": 10,
          "column": 2
        },
        "end": {
          "line": 10,
          "column": 39
        }
      },
      "5": {
        "start": {
          "line": 11,
          "column": 2
        },
        "end": {
          "line": 13,
          "column": 4
        }
      },
      "6": {
        "start": {
          "line": 12,
          "column": 4
        },
        "end": {
          "line": 12,
          "column": 106
        }
      },
      "7": {
        "start": {
          "line": 14,
          "column": 2
        },
        "end": {
          "line": 14,
          "column": 75
        }
      },
      "8": {
        "start": {
          "line": 26,
          "column": 2
        },
        "end": {
          "line": 71,
          "column": 11
        }
      },
      "9": {
        "start": {
          "line": 73,
          "column": 0
        },
        "end": {
          "line": 73,
          "column": 9
        }
      },
      "10": {
        "start": {
          "line": 76,
          "column": 0
        },
        "end": {
          "line": 76,
          "column": 24
        }
      },
      "11": {
        "start": {
          "line": 77,
          "column": 0
        },
        "end": {
          "line": 93,
          "column": 1
        }
      },
      "12": {
        "start": {
          "line": 78,
          "column": 2
        },
        "end": {
          "line": 78,
          "column": 39
        }
      },
      "13": {
        "start": {
          "line": 79,
          "column": 2
        },
        "end": {
          "line": 79,
          "column": 39
        }
      },
      "14": {
        "start": {
          "line": 80,
          "column": 2
        },
        "end": {
          "line": 92,
          "column": 5
        }
      },
      "15": {
        "start": {
          "line": 84,
          "column": 4
        },
        "end": {
          "line": 84,
          "column": 132
        }
      },
      "16": {
        "start": {
          "line": 85,
          "column": 4
        },
        "end": {
          "line": 91,
          "column": 7
        }
      },
      "17": {
        "start": {
          "line": 86,
          "column": 6
        },
        "end": {
          "line": 87,
          "column": 15
        }
      },
      "18": {
        "start": {
          "line": 87,
          "column": 8
        },
        "end": {
          "line": 87,
          "column": 15
        }
      },
      "19": {
        "start": {
          "line": 88,
          "column": 32
        },
        "end": {
          "line": 88,
          "column": 115
        }
      },
      "20": {
        "start": {
          "line": 89,
          "column": 6
        },
        "end": {
          "line": 90,
          "column": 54
        }
      },
      "21": {
        "start": {
          "line": 90,
          "column": 8
        },
        "end": {
          "line": 90,
          "column": 54
        }
      }
    },
    "fnMap": {
      "0": {
        "name": "(anonymous_0)",
        "decl": {
          "start": {
            "line": 11,
            "column": 24
          },
          "end": {
            "line": 11,
            "column": 25
          }
        },
        "loc": {
          "start": {
            "line": 11,
            "column": 38
          },
          "end": {
            "line": 13,
            "column": 3
          }
        },
        "line": 11
      },
      "1": {
        "name": "App",
        "decl": {
          "start": {
            "line": 25,
            "column": 9
          },
          "end": {
            "line": 25,
            "column": 12
          }
        },
        "loc": {
          "start": {
            "line": 25,
            "column": 15
          },
          "end": {
            "line": 72,
            "column": 1
          }
        },
        "line": 25
      },
      "2": {
        "name": "(anonymous_2)",
        "decl": {
          "start": {
            "line": 83,
            "column": 9
          },
          "end": {
            "line": 83,
            "column": 10
          }
        },
        "loc": {
          "start": {
            "line": 83,
            "column": 29
          },
          "end": {
            "line": 92,
            "column": 3
          }
        },
        "line": 83
      },
      "3": {
        "name": "(anonymous_3)",
        "decl": {
          "start": {
            "line": 85,
            "column": 27
          },
          "end": {
            "line": 85,
            "column": 28
          }
        },
        "loc": {
          "start": {
            "line": 85,
            "column": 44
          },
          "end": {
            "line": 91,
            "column": 5
          }
        },
        "line": 85
      }
    },
    "branchMap": {
      "0": {
        "loc": {
          "start": {
            "line": 5,
            "column": 0
          },
          "end": {
            "line": 15,
            "column": 1
          }
        },
        "type": "if",
        "locations": [
          {
            "start": {
              "line": 5,
              "column": 0
            },
            "end": {
              "line": 15,
              "column": 1
            }
          },
          {
            "start": {},
            "end": {}
          }
        ],
        "line": 5
      },
      "1": {
        "loc": {
          "start": {
            "line": 6,
            "column": 2
          },
          "end": {
            "line": 8,
            "column": 3
          }
        },
        "type": "if",
        "locations": [
          {
            "start": {
              "line": 6,
              "column": 2
            },
            "end": {
              "line": 8,
              "column": 3
            }
          },
          {
            "start": {},
            "end": {}
          }
        ],
        "line": 6
      },
      "2": {
        "loc": {
          "start": {
            "line": 77,
            "column": 0
          },
          "end": {
            "line": 93,
            "column": 1
          }
        },
        "type": "if",
        "locations": [
          {
            "start": {
              "line": 77,
              "column": 0
            },
            "end": {
              "line": 93,
              "column": 1
            }
          },
          {
            "start": {},
            "end": {}
          }
        ],
        "line": 77
      },
      "3": {
        "loc": {
          "start": {
            "line": 86,
            "column": 6
          },
          "end": {
            "line": 87,
            "column": 15
          }
        },
        "type": "if",
        "locations": [
          {
            "start": {
              "line": 86,
              "column": 6
            },
            "end": {
              "line": 87,
              "column": 15
            }
          },
          {
            "start": {},
            "end": {}
          }
        ],
        "line": 86
      },
      "4": {
        "loc": {
          "start": {
            "line": 89,
            "column": 6
          },
          "end": {
            "line": 90,
            "column": 54
          }
        },
        "type": "if",
        "locations": [
          {
            "start": {
              "line": 89,
              "column": 6
            },
            "end": {
              "line": 90,
              "column": 54
            }
          },
          {
            "start": {},
            "end": {}
          }
        ],
        "line": 89
      }
    },
    "s": {
      "0": 66,
      "1": 66,
      "2": 0,
      "3": 66,
      "4": 66,
      "5": 66,
      "6": 66,
      "7": 66,
      "8": 66,
      "9": 66,
      "10": 66,
      "11": 66,
      "12": 66,
      "13": 66,
      "14": 66,
      "15": 66,
      "16": 66,
      "17": 0,
      "18": 0,
      "19": 0,
      "20": 0,
      "21": 0
    },
    "f": {
      "0": 66,
      "1": 66,
      "2": 66,
      "3": 0
    },
    "b": {
      "0": [
        66,
        0
      ],
      "1": [
        0,
        66
      ],
      "2": [
        66,
        0
      ],
      "3": [
        0,
        0
      ],
      "4": [
        0,
        0
      ]
    },
    "inputSourceMap": {
      "version": 3,
      "mappings": "AAcI,mBAE6B,cAF7B;AAdJ,OAAOA,oBAAkB;AAAA;AAAA;AAAA;AAAA;AAAA;AAAA;AAAA;AAAA;AAAA;AAAA;AAAA;AAAA;AAAA;AACzB,SAASC,QAAQC,aAAa;AAC9B,SAASC,gBAAgB;AACzB,SAASC,iBAAiB;AAC1B,SAASC,oBAAoB;AAC7B,SAASC,iBAAiB;AAE1B,OAAO;AACP,OAAO;AACP,OAAO;AACP,OAAO;AAEP,SAASC,MAAM;AACb,SACE,mCACE,iCAAC,UACC;AAAA,2BAAC,SAAM,MAAK,KAAI,SAAS,uBAAC,cAAD;AAAA;AAAA;AAAA;AAAA,WAAS,KAAlC;AAAA;AAAA;AAAA;AAAA,WAAsC;AAAA,IACtC,uBAAC,SAAM,MAAK,UAAS,SAAS,uBAAC,eAAD;AAAA;AAAA;AAAA;AAAA,WAAU,KAAxC;AAAA;AAAA;AAAA;AAAA,WAA4C;AAAA,IAC5C,uBAAC,SAAM,MAAK,UAAS,SAAS,uBAAC,eAAD;AAAA;AAAA;AAAA;AAAA,WAAU,KAAxC;AAAA;AAAA;AAAA;AAAA,WAA4C;AAAA,IAC5C,uBAAC,SAAM,MAAK,KAAI,SAAS,uBAAC,kBAAD;AAAA;AAAA;AAAA;AAAA,WAAa,KAAtC;AAAA;AAAA;AAAA;AAAA,WAA0C;AAAA,OAJ5C;AAAA;AAAA;AAAA;AAAA,SAKA,KANF;AAAA;AAAA;AAAA;AAAA,SAOA;AAEJ;AAACC,KAXQD;AAaT,eAAeA;AAAI;AAAAE",
      "names": [
        "React",
        "Routes",
        "Route",
        "HomePage",
        "AboutPage",
        "NotFoundPage",
        "FormsPage",
        "App",
        "_c",
        "$RefreshReg$"
      ],
      "sources": [
        "C:/Users/LENOVO/Desktop/Rss-React/react-components/src/App.tsx"
      ],
      "file": "C:/Users/LENOVO/Desktop/Rss-React/react-components/src/App.tsx"
    },
    "_coverageSchema": "1a1c01bbd47fc00a2c39e90264f33305004495a9",
    "hash": "4ae40c63daa53a8a251abf2db8cf97f319eb5574"
  },
  "C:/Users/LENOVO/Desktop/Rss-React/react-components/src/entry-client.tsx": {
    "path": "C:/Users/LENOVO/Desktop/Rss-React/react-components/src/entry-client.tsx",
    "statementMap": {
      "0": {
        "start": {
          "line": 7,
          "column": 14
        },
        "end": {
          "line": 7,
          "column": 52
        }
      },
      "1": {
        "start": {
          "line": 8,
          "column": 0
        },
        "end": {
          "line": 20,
          "column": 10
        }
      }
    },
    "fnMap": {},
    "branchMap": {},
    "s": {
      "0": 66,
      "1": 66,
      "2": 45
    },
    "f": {},
    "b": {},
    "inputSourceMap": {
      "version": 3,
      "mappings": "AAmBM;AAnBN,SAASA,mBAAmB;AAC5B,SAASC,qBAAqB;AAC9B,SAASC,gBAAgB;AACzB,OAAOC,SAAS;AAChB,SAAoBC,kBAAkB;AAOtC,MAAMC,QAAQD,WAAYE,OAAgCC,mBAAmB;AAI7EP,YACEQ,SAASC,eAAe,MAAM,GAC9B,uBAAC,YAAS,OACR,iCAAC,iBACC,iCAAC,SAAD;AAAA;AAAA;AAAA;AAAA,OAAI,KADN;AAAA;AAAA;AAAA;AAAA,OAEA,KAHF;AAAA;AAAA;AAAA;AAAA,OAIA,CAAW",
      "names": [
        "hydrateRoot",
        "BrowserRouter",
        "Provider",
        "App",
        "setupStore",
        "store",
        "window",
        "__PRELOADED_STATE__",
        "document",
        "getElementById"
      ],
      "sources": [
        "C:/Users/LENOVO/Desktop/Rss-React/react-components/src/entry-client.tsx"
      ],
      "file": "C:/Users/LENOVO/Desktop/Rss-React/react-components/src/entry-client.tsx"
    },
    "_coverageSchema": "1a1c01bbd47fc00a2c39e90264f33305004495a9",
    "hash": "4ecbc6b479e7bab1881a082fa6df681528e12e06"
  },
  "C:/Users/LENOVO/Desktop/Rss-React/react-components/src/entry-server.tsx": {
    "path": "C:/Users/LENOVO/Desktop/Rss-React/react-components/src/entry-server.tsx",
    "statementMap": {},
    "fnMap": {},
    "branchMap": {},
    "s": {},
    "f": {},
    "b": {}
  },
  "C:/Users/LENOVO/Desktop/Rss-React/react-components/src/index.tsx": {
    "path": "C:/Users/LENOVO/Desktop/Rss-React/react-components/src/index.tsx",
    "statementMap": {},
    "fnMap": {},
    "branchMap": {},
    "s": {},
    "f": {},
    "b": {}
  }
}
